{
  "0 debug pnpm:scope": {
    "selected": 1
  },
  "1 error pnpm": {
    "errno": 1,
    "code": "ELIFECYCLE",
    "pkgid": "vite-frontend@0.0.1",
    "stage": "dev",
    "script": "pnpm run predev && NODE_ENV=development vite --host",
    "pkgname": "vite-frontend",
    "err": {
      "name": "pnpm",
      "message": "vite-frontend@0.0.1 dev: `pnpm run predev && NODE_ENV=development vite --host`\nExit status 1",
      "code": "ELIFECYCLE",
      "stack": "pnpm: vite-frontend@0.0.1 dev: `pnpm run predev && NODE_ENV=development vite --host`\nExit status 1\n    at EventEmitter.<anonymous> (/usr/pnpm-global/5/node_modules/.pnpm/pnpm@6.20.0/node_modules/pnpm/dist/pnpm.cjs:105915:20)\n    at EventEmitter.emit (events.js:400:28)\n    at ChildProcess.<anonymous> (/usr/pnpm-global/5/node_modules/.pnpm/pnpm@6.20.0/node_modules/pnpm/dist/pnpm.cjs:93855:18)\n    at ChildProcess.emit (events.js:400:28)\n    at maybeClose (internal/child_process.js:1055:16)\n    at Process.ChildProcess._handle.onexit (internal/child_process.js:288:5)"
    }
  },
  "2 warn pnpm:global": " Local package.json exists, but node_modules missing, did you mean to install?"
}